[31mERRO[0m[0000] Ошибка при публикации в VK: api: Access to adding post denied: method is unavailable with group auth 
[36mINFO[0m[0006] Текстовое сообщение отправлено!              
[31mERRO[0m[0006] Ошибка при публикации в VK: api: User authorization failed: invalid access_token (4). 
[31mERRO[0m[0006] Failed to connect to Telegram                
[31mERRO[0m[0006] Ошибка при публикации в Telegram: Unauthorized 
[31mERRO[0m[0006] Ошибка при публикации в VK: api: User authorization failed: invalid access_token (4). 
[31mERRO[0m[0006] Failed to connect to Telegram                
[31mERRO[0m[0006] Ошибка при публикации в Telegram: Unauthorized 
[31mERRO[0m[0006] Ошибка при публикации в VK: api: Access to adding post denied: method is unavailable with group auth 
[36mINFO[0m[0006] Текстовое сообщение отправлено!              
[31mERRO[0m[0006] Ошибка при публикации в VK: api: User authorization failed: invalid access_token (4). 
[31mERRO[0m[0007] Failed to connect to Telegram                
[31mERRO[0m[0007] Ошибка при публикации в Telegram: Unauthorized 
[31mERRO[0m[0007] Ошибка при публикации в VK: api: User authorization failed: invalid access_token (4). 
[31mERRO[0m[0007] Failed to connect to Telegram                
[31mERRO[0m[0007] Ошибка при публикации в Telegram: Unauthorized 
[31mERRO[0m[0007] Ошибка при публикации в VK: api: Access to adding post denied: method is unavailable with group auth 
[36mINFO[0m[0007] Текстовое сообщение отправлено!              
[31mERRO[0m[0007] Ошибка при публикации в VK: api: User authorization failed: invalid access_token (4). 
[31mERRO[0m[0007] Failed to connect to Telegram                
[31mERRO[0m[0007] Ошибка при публикации в Telegram: Unauthorized 
[31mERRO[0m[0007] Ошибка при публикации в VK: api: User authorization failed: invalid access_token (4). 
[31mERRO[0m[0008] Failed to connect to Telegram                
[31mERRO[0m[0008] Ошибка при публикации в Telegram: Unauthorized 
[31mERRO[0m[0000] Ошибка при публикации в VK: api: Access to adding post denied: method is unavailable with group auth 
[36mINFO[0m[0001] Текстовое сообщение отправлено!              
[31mERRO[0m[0001] Ошибка при публикации в VK: api: User authorization failed: invalid access_token (4). 
[31mERRO[0m[0001] Failed to connect to Telegram                
[31mERRO[0m[0001] Ошибка при публикации в Telegram: Unauthorized 
[31mERRO[0m[0001] Ошибка при публикации в VK: api: User authorization failed: invalid access_token (4). 
[31mERRO[0m[0001] Failed to connect to Telegram                
[31mERRO[0m[0001] Ошибка при публикации в Telegram: Unauthorized 
[31mERRO[0m[0002] Ошибка при публикации в VK: api: Access to adding post denied: method is unavailable with group auth 
[36mINFO[0m[0002] Текстовое сообщение отправлено!              
[31mERRO[0m[0002] Ошибка при публикации в VK: api: User authorization failed: invalid access_token (4). 
[31mERRO[0m[0002] Failed to connect to Telegram                
[31mERRO[0m[0002] Ошибка при публикации в Telegram: Unauthorized 
[31mERRO[0m[0002] Ошибка при публикации в VK: api: User authorization failed: invalid access_token (4). 
[31mERRO[0m[0002] Failed to connect to Telegram                
[31mERRO[0m[0002] Ошибка при публикации в Telegram: Unauthorized 
[31mERRO[0m[0003] Ошибка при публикации в VK: api: Access to adding post denied: method is unavailable with group auth 
[36mINFO[0m[0003] Текстовое сообщение отправлено!              
[31mERRO[0m[0003] Ошибка при публикации в VK: api: User authorization failed: invalid access_token (4). 
[31mERRO[0m[0003] Failed to connect to Telegram                
[31mERRO[0m[0003] Ошибка при публикации в Telegram: Unauthorized 
[31mERRO[0m[0003] Ошибка при публикации в VK: api: User authorization failed: invalid access_token (4). 
[31mERRO[0m[0003] Failed to connect to Telegram                
[31mERRO[0m[0003] Ошибка при публикации в Telegram: Unauthorized 
[31mERRO[0m[0000] Ошибка при публикации в VK: api: Access to adding post denied: method is unavailable with group auth 
[36mINFO[0m[0001] Текстовое сообщение отправлено!              
[31mERRO[0m[0001] Ошибка при публикации в VK: api: Access to adding post denied: method is unavailable with group auth 
[36mINFO[0m[0001] Текстовое сообщение отправлено!              
[31mERRO[0m[0001] Ошибка при публикации в VK: api: Access to adding post denied: method is unavailable with group auth 
[36mINFO[0m[0002] Текстовое сообщение отправлено!              
[31mERRO[0m[0000] Ошибка при публикации в VK: api: Access denied: no access to call this method. Permission to perform this action is denied for non-standalone applications 
[36mINFO[0m[0001] Текстовое сообщение отправлено!              
[31mERRO[0m[0001] Ошибка при публикации в VK: api: Access denied: no access to call this method. Permission to perform this action is denied for non-standalone applications 
[36mINFO[0m[0001] Текстовое сообщение отправлено!              
[31mERRO[0m[0001] Ошибка при публикации в VK: api: Access denied: no access to call this method. Permission to perform this action is denied for non-standalone applications 
[36mINFO[0m[0001] Текстовое сообщение отправлено!              
[31mERRO[0m[0000] Ошибка при публикации в VK: api: Access denied: no access to call this method. Permission to perform this action is denied for non-standalone applications 
[36mINFO[0m[0001] Текстовое сообщение отправлено!              
[31mERRO[0m[0001] Ошибка при публикации в VK: api: Access denied: no access to call this method. Permission to perform this action is denied for non-standalone applications 
[36mINFO[0m[0001] Текстовое сообщение отправлено!              
[31mERRO[0m[0001] Ошибка при публикации в VK: api: Access denied: no access to call this method. Permission to perform this action is denied for non-standalone applications 
[36mINFO[0m[0002] Текстовое сообщение отправлено!              
[36mINFO[0m[0000] Текстовое сообщение отправлено!              
[31mERRO[0m[0000] Error posting to VK:%!(EXTRA *api.Error=api: Application authorization failed: method is unavailable with service token.) 
[36mINFO[0m[0000] Текстовое сообщение отправлено!              
[31mERRO[0m[0001] Error posting to VK:%!(EXTRA *api.Error=api: User authorization failed: invalid access_token (4).) 
[36mINFO[0m[0000] Текстовое сообщение отправлено!              
[31mERRO[0m[0004] Error posting to VK:%!(EXTRA *api.Error=api: User authorization failed: invalid access_token (4).) 
[36mINFO[0m[0000] Текстовое сообщение отправлено!              
[36mINFO[0m[0001] Пост успешно опубликован!                    
[36mINFO[0m[0000] Текстовое сообщение отправлено!              
[36mINFO[0m[0001] Пост успешно опубликован!                    
[31mERRO[0m[0000] Ошибка при публикации в VK: api: Access to adding post denied: method is unavailable with group auth 
[36mINFO[0m[0001] Текстовое сообщение отправлено!              
[31mERRO[0m[0001] Ошибка при публикации в VK: api: Access to adding post denied: method is unavailable with group auth 
[36mINFO[0m[0001] Текстовое сообщение отправлено!              
[31mERRO[0m[0001] Ошибка при публикации в VK: api: Access to adding post denied: method is unavailable with group auth 
[36mINFO[0m[0001] Текстовое сообщение отправлено!              
[31mERRO[0m[0000] Ошибка при публикации в VK: api: Access to adding post denied: method is unavailable with group auth 
[36mINFO[0m[0000] Текстовое сообщение отправлено!              
[31mERRO[0m[0001] Ошибка при публикации в VK: api: Access to adding post denied: method is unavailable with group auth 
[36mINFO[0m[0001] Текстовое сообщение отправлено!              
[31mERRO[0m[0001] Ошибка при публикации в VK: api: Access to adding post denied: method is unavailable with group auth 
[36mINFO[0m[0001] Текстовое сообщение отправлено!              
[31mERRO[0m[0000] Ошибка при публикации в VK: api: Access to adding post denied: method is unavailable with group auth 
[36mINFO[0m[0000] Текстовое сообщение отправлено!              
[31mERRO[0m[0001] Ошибка при публикации в VK: api: Access to adding post denied: method is unavailable with group auth 
[36mINFO[0m[0001] Текстовое сообщение отправлено!              
[31mERRO[0m[0001] Ошибка при публикации в VK: api: Access to adding post denied: method is unavailable with group auth 
[36mINFO[0m[0001] Текстовое сообщение отправлено!              
[31mERRO[0m[0000] Ошибка при публикации в VK: api: Access denied: no access to call this method. Permission to perform this action is denied for non-standalone applications 
[36mINFO[0m[0001] Текстовое сообщение отправлено!              
[31mERRO[0m[0001] Ошибка при публикации в VK: api: Access denied: no access to call this method. Permission to perform this action is denied for non-standalone applications 
[36mINFO[0m[0001] Текстовое сообщение отправлено!              
[31mERRO[0m[0001] Ошибка при публикации в VK: api: Access denied: no access to call this method. Permission to perform this action is denied for non-standalone applications 
[36mINFO[0m[0001] Текстовое сообщение отправлено!              
[36mINFO[0m[0000] Текстовое сообщение отправлено!              
[36mINFO[0m[0001] Пост успешно опубликован!                    
[31mERRO[0m[0000] Ошибка при публикации в VK: api: Access denied: no access to call this method. Permission to perform this action is denied for non-standalone applications 
[36mINFO[0m[0000] Текстовое сообщение отправлено!              
[31mERRO[0m[0001] Ошибка при публикации в VK: api: Access denied: no access to call this method. Permission to perform this action is denied for non-standalone applications 
[36mINFO[0m[0001] Текстовое сообщение отправлено!              
[31mERRO[0m[0001] Ошибка при публикации в VK: api: Access denied: no access to call this method. Permission to perform this action is denied for non-standalone applications 
[36mINFO[0m[0001] Текстовое сообщение отправлено!              
[31mERRO[0m[0000] Ошибка при публикации в VK: api: Access to adding post denied: method is unavailable with group auth 
[36mINFO[0m[0001] Текстовое сообщение отправлено!              
[31mERRO[0m[0001] Ошибка при публикации в VK: api: Access to adding post denied: method is unavailable with group auth 
[36mINFO[0m[0001] Текстовое сообщение отправлено!              
[31mERRO[0m[0002] Ошибка при публикации в VK: api: Access to adding post denied: method is unavailable with group auth 
[36mINFO[0m[0002] Текстовое сообщение отправлено!              
[31mERRO[0m[0000] Ошибка при публикации в VK: api: Access denied: no access to call this method. Permission to perform this action is denied for non-standalone applications 
[36mINFO[0m[0001] Текстовое сообщение отправлено!              
[31mERRO[0m[0001] Ошибка при публикации в VK: api: Access denied: no access to call this method. Permission to perform this action is denied for non-standalone applications 
[36mINFO[0m[0001] Текстовое сообщение отправлено!              
[31mERRO[0m[0001] Ошибка при публикации в VK: api: Access denied: no access to call this method. Permission to perform this action is denied for non-standalone applications 
[36mINFO[0m[0002] Текстовое сообщение отправлено!              
[31mERRO[0m[0000] Ошибка при публикации в VK: api: Access denied: no access to call this method. Permission to perform this action is denied for non-standalone applications 
[36mINFO[0m[0001] Текстовое сообщение отправлено!              
[31mERRO[0m[0001] Ошибка при публикации в VK: api: Access denied: no access to call this method. Permission to perform this action is denied for non-standalone applications 
[36mINFO[0m[0001] Текстовое сообщение отправлено!              
[31mERRO[0m[0001] Ошибка при публикации в VK: api: Access denied: no access to call this method. Permission to perform this action is denied for non-standalone applications 
[36mINFO[0m[0005] Текстовое сообщение отправлено!              
[31mERRO[0m[0000] Ошибка при публикации в VK: api: Access to adding post denied: method is unavailable with group auth 
[36mINFO[0m[0001] Текстовое сообщение отправлено!              
[31mERRO[0m[0001] Ошибка при публикации в VK: api: Access to adding post denied: method is unavailable with group auth 
[36mINFO[0m[0001] Текстовое сообщение отправлено!              
[31mERRO[0m[0001] Ошибка при публикации в VK: api: Access to adding post denied: method is unavailable with group auth 
[36mINFO[0m[0001] Текстовое сообщение отправлено!              
[31mERRO[0m[0000] Ошибка при публикации в VK: api: Access to adding post denied: method is unavailable with group auth 
[36mINFO[0m[0001] Текстовое сообщение отправлено!              
[31mERRO[0m[0001] Ошибка при публикации в VK: api: Access to adding post denied: method is unavailable with group auth 
[36mINFO[0m[0001] Текстовое сообщение отправлено!              
[31mERRO[0m[0001] Ошибка при публикации в VK: api: Access to adding post denied: method is unavailable with group auth 
[36mINFO[0m[0002] Текстовое сообщение отправлено!              
[31mERRO[0m[0000] Ошибка при публикации в VK: api: Access to adding post denied: method is unavailable with group auth 
[36mINFO[0m[0001] Текстовое сообщение отправлено!              
[31mERRO[0m[0001] Ошибка при публикации в VK: api: Access to adding post denied: method is unavailable with group auth 
[36mINFO[0m[0001] Текстовое сообщение отправлено!              
[31mERRO[0m[0001] Ошибка при публикации в VK: api: Access to adding post denied: method is unavailable with group auth 
[36mINFO[0m[0002] Текстовое сообщение отправлено!              
[36mINFO[0m[0000] Текстовое сообщение отправлено!              
[36mINFO[0m[0001] Пост успешно опубликован!                    
[31mERRO[0m[0000] Ошибка при публикации в VK: api: Access to adding post denied: method is unavailable with group auth 
[36mINFO[0m[0001] Текстовое сообщение отправлено!              
[31mERRO[0m[0001] Ошибка при публикации в VK: api: Access to adding post denied: method is unavailable with group auth 
[36mINFO[0m[0001] Текстовое сообщение отправлено!              
[31mERRO[0m[0001] Ошибка при публикации в VK: api: Access to adding post denied: method is unavailable with group auth 
[36mINFO[0m[0001] Текстовое сообщение отправлено!              
[31mERRO[0m[0000] Ошибка при публикации в VK: api: Access denied: no access to call this method. Permission to perform this action is denied for non-standalone applications 
[36mINFO[0m[0001] Текстовое сообщение отправлено!              
[31mERRO[0m[0001] Ошибка при публикации в VK: api: Access denied: no access to call this method. Permission to perform this action is denied for non-standalone applications 
[36mINFO[0m[0001] Текстовое сообщение отправлено!              
[31mERRO[0m[0001] Ошибка при публикации в VK: api: Access denied: no access to call this method. Permission to perform this action is denied for non-standalone applications 
[36mINFO[0m[0002] Текстовое сообщение отправлено!              
[31mERRO[0m[0000] Ошибка при публикации в VK: api: Access denied: no access to call this method. Permission to perform this action is denied for non-standalone applications 
[36mINFO[0m[0000] Текстовое сообщение отправлено!              
[31mERRO[0m[0000] Ошибка при публикации в VK: api: Access denied: no access to call this method. Permission to perform this action is denied for non-standalone applications 
[36mINFO[0m[0001] Текстовое сообщение отправлено!              
[31mERRO[0m[0001] Ошибка при публикации в VK: api: Access denied: no access to call this method. Permission to perform this action is denied for non-standalone applications 
[36mINFO[0m[0001] Текстовое сообщение отправлено!              
[31mERRO[0m[0000] Ошибка при публикации в VK: api: Access denied: no access to call this method. Permission to perform this action is denied for non-standalone applications 
[36mINFO[0m[0001] Текстовое сообщение отправлено!              
[31mERRO[0m[0001] Ошибка при публикации в VK: api: Access denied: no access to call this method. Permission to perform this action is denied for non-standalone applications 
[36mINFO[0m[0001] Текстовое сообщение отправлено!              
[31mERRO[0m[0001] Ошибка при публикации в VK: api: Access denied: no access to call this method. Permission to perform this action is denied for non-standalone applications 
[36mINFO[0m[0002] Текстовое сообщение отправлено!              
[31mERRO[0m[0000] Ошибка при публикации в VK: api: Access denied: no access to call this method. Permission to perform this action is denied for non-standalone applications 
[36mINFO[0m[0001] Текстовое сообщение отправлено!              
[31mERRO[0m[0001] Ошибка при публикации в VK: api: Access denied: no access to call this method. Permission to perform this action is denied for non-standalone applications 
[36mINFO[0m[0001] Текстовое сообщение отправлено!              
[31mERRO[0m[0001] Ошибка при публикации в VK: api: Access denied: no access to call this method. Permission to perform this action is denied for non-standalone applications 
[36mINFO[0m[0001] Текстовое сообщение отправлено!              
[31mERRO[0m[0000] Ошибка при публикации в VK: api: Access denied: no access to call this method. Permission to perform this action is denied for non-standalone applications 
[36mINFO[0m[0000] Текстовое сообщение отправлено!              
[31mERRO[0m[0001] Ошибка при публикации в VK: api: Access denied: no access to call this method. Permission to perform this action is denied for non-standalone applications 
[36mINFO[0m[0001] Текстовое сообщение отправлено!              
[31mERRO[0m[0001] Ошибка при публикации в VK: api: Access denied: no access to call this method. Permission to perform this action is denied for non-standalone applications 
[36mINFO[0m[0001] Текстовое сообщение отправлено!              
[36mINFO[0m[0000] Пост успешно опубликован!                    
[36mINFO[0m[0000] Текстовое сообщение отправлено!              
[36mINFO[0m[0001] Пост успешно опубликован!                    
[36mINFO[0m[0001] Текстовое сообщение отправлено!              
[36mINFO[0m[0001] Пост успешно опубликован!                    
[36mINFO[0m[0002] Текстовое сообщение отправлено!              
[36mINFO[0m[0000] Пост успешно опубликован!                    
[36mINFO[0m[0001] Текстовое сообщение отправлено!              
[36mINFO[0m[0001] Пост успешно опубликован!                    
[36mINFO[0m[0001] Текстовое сообщение отправлено!              
[36mINFO[0m[0002] Пост успешно опубликован!                    
[36mINFO[0m[0002] Текстовое сообщение отправлено!              
[36mINFO[0m[0002] Пост успешно опубликован!                    
[36mINFO[0m[0003] Фото с подписью отправлено!                  
[36mINFO[0m[0004] Пост успешно опубликован!                    
[36mINFO[0m[0005] Фото с подписью отправлено!                  
[36mINFO[0m[0007] Пост успешно опубликован!                    
[36mINFO[0m[0008] Фото с подписью отправлено!                  
